
Efinix FPGA Placement and Routing.
Version: 2023.2.307 
Compiled: Dec 15 2023.

Copyright (C) 2013 - 2023 Efinix, Inc. All rights reserved.


The Tool Is Based on VPR of University of Toronto,
a free open source code under MIT license.


Running Placement and Routing for Family "Trion", Device "T120F324" ...

***** Beginning stage routing graph generation ... *****
Read ipin pattern from /home/tejas/Downloads/efinity/2023.2/arch/./ipin_oph.xml
Finished parsing ipin pattern file '/home/tejas/Downloads/efinity/2023.2/arch/./ipin_oph.xdb'.
Finished parsing switch_block file '/home/tejas/Downloads/efinity/2023.2/arch/./sb_connectivity_subset.xdb'.
BuildGraph process took 13.2691 seconds.
	BuildGraph process took 12.47 seconds (approximately) in total CPU time.
BuildGraph process virtual memory usage: begin = 1559.67 MB, end = 3289.28 MB, delta = 1729.61 MB
BuildGraph process resident set memory usage: begin = 614.136 MB, end = 2346.1 MB, delta = 1731.97 MB
	BuildGraph process peak resident set memory usage = 2346.1 MB
check rr_graph process took 0.48639 seconds.
	check rr_graph process took 0.46 seconds (approximately) in total CPU time.
check rr_graph process virtual memory usage: begin = 3445.23 MB, end = 3471.23 MB, delta = 26 MB
check rr_graph process resident set memory usage: begin = 2502.14 MB, end = 2528.12 MB, delta = 25.984 MB
	check rr_graph process peak resident set memory usage = 2528.12 MB
Generated 6653854 RR nodes and 25234704 RR edges
This design has 0 global control net(s). See /home/tejas/Documents/Vicharak/FPGA_Implementation/UART/outflow/UART.route.rpt for details.
Routing graph took 14.1797 seconds.
	Routing graph took 13.27 seconds (approximately) in total CPU time.
Routing graph virtual memory usage: begin = 1559.67 MB, end = 3315.28 MB, delta = 1755.61 MB
Routing graph resident set memory usage: begin = 614.136 MB, end = 2372.21 MB, delta = 1758.07 MB
	Routing graph peak resident set memory usage = 2528.12 MB
***** Ending stage routing graph generation *****

***** Beginning stage routing ... *****

SDC file '/home/tejas/Documents/Vicharak/FPGA_Implementation/UART/constraints.sdc' parsed successfully.
1 clocks (including virtual clocks), 0 inputs and 0 outputs were constrained.


 ---------      -------     --------------      -------------
 Iteration      Overuse     Crit Path (ns)      Calc Time (s)
 ---------      -------     --------------      -------------
         1         9008              8.082               1.72
         2          835              12.04              0.919
         3          143              13.25              0.629
         4            1              13.25              0.265
         5            1              13.25              0.206
         6            0              13.25              0.161

Successfully routed netlist after 6 routing iterations and 20876449 heapops
Completed net delay value cross check successfully.

***** Beginning stage routing check ... *****
***** Ending stage routing check *****


Serial number (magic cookie) for the routing is: 770660291
Netlist fully routed.

Successfully created FPGA route file '/home/tejas/Documents/Vicharak/FPGA_Implementation/UART/outflow/UART.route'
Routing took 5.56925 seconds.
	Routing took 5.01 seconds (approximately) in total CPU time.
Routing virtual memory usage: begin = 3315.28 MB, end = 3315.28 MB, delta = 0 MB
Routing resident set memory usage: begin = 2372.21 MB, end = 2351.43 MB, delta = -20.78 MB
	Routing peak resident set memory usage = 2724.59 MB
***** Ending stage routing *****

***** Beginning stage final timing analysis ... *****

SDC file '/home/tejas/Documents/Vicharak/FPGA_Implementation/UART/constraints.sdc' parsed successfully.
1 clocks (including virtual clocks), 0 inputs and 0 outputs were constrained.

Maximum possible analyzed clocks frequency
 Clock Name  Period (ns)  Frequency (MHz)     Edge
  i_Clock       13.366        74.817         (R-R)

Geomean max period: 13.366

Setup (Max) Clock Relationship
  Launch Clock    Capture Clock   Constraint (ns)     Slack (ns)          Edge
    i_Clock          i_Clock          100.000           86.634           (R-R)

Hold (Min) Clock Relationship
  Launch Clock    Capture Clock   Constraint (ns)     Slack (ns)          Edge
    i_Clock          i_Clock           0.000            0.119            (R-R)

Write Timing Report to "/home/tejas/Documents/Vicharak/FPGA_Implementation/UART/outflow/UART.timing.rpt" ...
final timing analysis took 0.220487 seconds.
	final timing analysis took 0.19 seconds (approximately) in total CPU time.
final timing analysis virtual memory usage: begin = 3315.28 MB, end = 3315.28 MB, delta = 0 MB
final timing analysis resident set memory usage: begin = 2351.56 MB, end = 2352.41 MB, delta = 0.852 MB
	final timing analysis peak resident set memory usage = 2724.59 MB
***** Ending stage final timing analysis *****

***** Beginning stage bitstream generation ... *****
Reading core interface constraints from '/home/tejas/Documents/Vicharak/FPGA_Implementation/UART/outflow/UART.interface.csv'.
Successfully processed interface constraints file "/home/tejas/Documents/Vicharak/FPGA_Implementation/UART/outflow/UART.interface.csv".
Finished writing bitstream file /home/tejas/Documents/Vicharak/FPGA_Implementation/UART/work_pnr/UART.lbf.
Bitstream generation took 2.3607 seconds.
	Bitstream generation took 2.22 seconds (approximately) in total CPU time.
Bitstream generation virtual memory usage: begin = 3315.28 MB, end = 3385.99 MB, delta = 70.712 MB
Bitstream generation resident set memory usage: begin = 2352.54 MB, end = 2423.76 MB, delta = 71.228 MB
	Bitstream generation peak resident set memory usage = 2724.59 MB
***** Ending stage bitstream generation *****

The entire flow of EFX_PNR took 34.344 seconds.
	The entire flow of EFX_PNR took 36.94 seconds (approximately) in total CPU time.
The entire flow of EFX_PNR virtual memory usage: begin = 173.116 MB, end = 2450.29 MB, delta = 2277.18 MB
The entire flow of EFX_PNR resident set memory usage: begin = 24.192 MB, end = 1488.5 MB, delta = 1464.31 MB
	The entire flow of EFX_PNR peak resident set memory usage = 2724.59 MB
